<?xml version="1.0" encoding="utf-8"?><testsuites name="pytest tests"><testsuite name="pytest" errors="0" failures="1" skipped="0" tests="13" time="1.569" timestamp="2026-04-10T09:37:57.468128+00:00" hostname="agent-env-f1a8a1a6-d22a-40a2-ad3e-bc5a680b7241"><testcase classname="backend.tests.test_taara_cookie.TestAuth" name="test_get_me" time="0.209" /><testcase classname="backend.tests.test_taara_cookie.TestAuth" name="test_get_me_no_auth" time="0.104" /><testcase classname="backend.tests.test_taara_cookie.TestSessions" name="test_list_sessions" time="0.047" /><testcase classname="backend.tests.test_taara_cookie.TestSessions" name="test_get_session" time="0.048" /><testcase classname="backend.tests.test_taara_cookie.TestSessions" name="test_session_has_correct_fields" time="0.048" /><testcase classname="backend.tests.test_taara_cookie.TestSessions" name="test_get_invalid_session" time="0.046" /><testcase classname="backend.tests.test_taara_cookie.TestStopUnlock" name="test_unlock_stop1_correct_password" time="0.323" /><testcase classname="backend.tests.test_taara_cookie.TestStopUnlock" name="test_unlock_wrong_password" time="0.091"><failure message="assert 200 == 401&#10; +  where 200 = &lt;Response [200]&gt;.status_code">backend/tests/test_taara_cookie.py:89: in test_unlock_wrong_password
    assert r.status_code == 401
E   assert 200 == 401
E    +  where 200 = &lt;Response [200]&gt;.status_code</failure></testcase><testcase classname="backend.tests.test_taara_cookie.TestStopUnlock" name="test_unlock_case_insensitive" time="0.095" /><testcase classname="backend.tests.test_taara_cookie.TestStopUpdate" name="test_update_stop_rating" time="0.167" /><testcase classname="backend.tests.test_taara_cookie.TestStopUpdate" name="test_update_stop_comment" time="0.092" /><testcase classname="backend.tests.test_taara_cookie.TestStopUpdate" name="test_mark_stop_done" time="0.089" /><testcase classname="backend.tests.test_taara_cookie.TestPhotos" name="test_upload_photo" time="0.112" /></testsuite></testsuites>